StorageEvent: 2025/02/04 16:26:28 Timestamp: 2025-02-04T16:26:28+05:30, DiskUsage: 67, TotalContents: 0
StorageEvent: 2025/02/04 16:27:00 Timestamp: 2025-02-04T16:27:00+05:30, DiskUsage: 67, TotalContents: 0
StorageEvent: 2025/02/04 16:27:32 Timestamp: 2025-02-04T16:27:32+05:30, DiskUsage: 67, TotalContents: 0
StorageEvent: 2025/02/04 16:28:05 Timestamp: 2025-02-04T16:28:05+05:30, DiskUsage: 67, TotalContents: 0
StorageEvent: 2025/02/04 16:28:37 Timestamp: 2025-02-04T16:28:37+05:30, DiskUsage: 67, TotalContents: 0
StorageEvent: 2025/02/04 16:29:09 Timestamp: 2025-02-04T16:29:09+05:30, DiskUsage: 67, TotalContents: 0
StorageEvent: 2025/02/04 16:29:40 Timestamp: 2025-02-04T16:29:40+05:30, DiskUsage: 67, TotalContents: 0
StorageEvent: 2025/02/04 16:30:12 Timestamp: 2025-02-04T16:30:12+05:30, DiskUsage: 67, TotalContents: 0
StorageEvent: 2025/02/04 16:30:45 Timestamp: 2025-02-04T16:30:45+05:30, DiskUsage: 67, TotalContents: 0
StorageEvent: 2025/02/04 16:31:17 Timestamp: 2025-02-04T16:31:17+05:30, DiskUsage: 67, TotalContents: 0
StorageEvent: 2025/02/04 16:31:49 Timestamp: 2025-02-04T16:31:49+05:30, DiskUsage: 67, TotalContents: 0
StorageEvent: 2025/02/04 16:32:21 Timestamp: 2025-02-04T16:32:21+05:30, DiskUsage: 67, TotalContents: 0
StorageEvent: 2025/02/04 16:32:53 Timestamp: 2025-02-04T16:32:53+05:30, DiskUsage: 67, TotalContents: 0
StorageEvent: 2025/02/04 16:33:25 Timestamp: 2025-02-04T16:33:25+05:30, DiskUsage: 67, TotalContents: 0
StorageEvent: 2025/02/04 16:33:57 Timestamp: 2025-02-04T16:33:57+05:30, DiskUsage: 67, TotalContents: 0
StorageEvent: 2025/02/04 16:34:30 Timestamp: 2025-02-04T16:34:30+05:30, DiskUsage: 67, TotalContents: 0
StorageEvent: 2025/02/04 16:35:02 Timestamp: 2025-02-04T16:35:02+05:30, DiskUsage: 67, TotalContents: 0
StorageEvent: 2025/02/04 16:35:34 Timestamp: 2025-02-04T16:35:34+05:30, DiskUsage: 67, TotalContents: 0
StorageEvent: 2025/02/04 16:36:06 Timestamp: 2025-02-04T16:36:06+05:30, DiskUsage: 67, TotalContents: 0
StorageEvent: 2025/02/04 16:36:38 Timestamp: 2025-02-04T16:36:38+05:30, DiskUsage: 67, TotalContents: 0
StorageEvent: 2025/02/04 16:37:10 Timestamp: 2025-02-04T16:37:10+05:30, DiskUsage: 67, TotalContents: 0
StorageEvent: 2025/02/04 16:37:42 Timestamp: 2025-02-04T16:37:42+05:30, DiskUsage: 67, TotalContents: 0
StorageEvent: 2025/02/04 16:38:14 Timestamp: 2025-02-04T16:38:14+05:30, DiskUsage: 67, TotalContents: 0
StorageEvent: 2025/02/04 16:38:46 Timestamp: 2025-02-04T16:38:46+05:30, DiskUsage: 67, TotalContents: 0
StorageEvent: 2025/02/04 16:39:18 Timestamp: 2025-02-04T16:39:18+05:30, DiskUsage: 67, TotalContents: 0
StorageEvent: 2025/02/04 16:39:49 Timestamp: 2025-02-04T16:39:49+05:30, DiskUsage: 67, TotalContents: 0
StorageEvent: 2025/02/04 16:40:21 Timestamp: 2025-02-04T16:40:21+05:30, DiskUsage: 67, TotalContents: 0
StorageEvent: 2025/02/04 16:40:53 Timestamp: 2025-02-04T16:40:53+05:30, DiskUsage: 67, TotalContents: 0
StorageEvent: 2025/02/04 16:41:25 Timestamp: 2025-02-04T16:41:25+05:30, DiskUsage: 67, TotalContents: 0
StorageEvent: 2025/02/04 16:41:57 Timestamp: 2025-02-04T16:41:57+05:30, DiskUsage: 67, TotalContents: 0
StorageEvent: 2025/02/04 16:42:29 Timestamp: 2025-02-04T16:42:29+05:30, DiskUsage: 67, TotalContents: 0
StorageEvent: 2025/02/04 16:43:01 Timestamp: 2025-02-04T16:43:01+05:30, DiskUsage: 67, TotalContents: 0
StorageEvent: 2025/02/04 16:43:32 Timestamp: 2025-02-04T16:43:32+05:30, DiskUsage: 67, TotalContents: 0
StorageEvent: 2025/02/04 16:44:04 Timestamp: 2025-02-04T16:44:04+05:30, DiskUsage: 67, TotalContents: 0
StorageEvent: 2025/02/04 16:44:36 Timestamp: 2025-02-04T16:44:36+05:30, DiskUsage: 67, TotalContents: 0
StorageEvent: 2025/02/04 16:45:08 Timestamp: 2025-02-04T16:45:08+05:30, DiskUsage: 67, TotalContents: 0
StorageEvent: 2025/02/04 16:45:39 Timestamp: 2025-02-04T16:45:39+05:30, DiskUsage: 67, TotalContents: 0
StorageEvent: 2025/02/04 16:46:11 Timestamp: 2025-02-04T16:46:11+05:30, DiskUsage: 67, TotalContents: 0
StorageEvent: 2025/02/04 16:46:15 Timestamp: 2025-02-04T16:46:15+05:30, URL: http://msn.com/, Operation: write, ResponseTime: 0ms, Bytes: 0
StorageEvent: 2025/02/04 16:46:42 Timestamp: 2025-02-04T16:46:42+05:30, DiskUsage: 67, TotalContents: 0
StorageEvent: 2025/02/04 16:47:14 Timestamp: 2025-02-04T16:47:14+05:30, DiskUsage: 67, TotalContents: 0
StorageEvent: 2025/02/04 16:47:46 Timestamp: 2025-02-04T16:47:46+05:30, DiskUsage: 67, TotalContents: 0
StorageEvent: 2025/02/04 16:48:17 Timestamp: 2025-02-04T16:48:17+05:30, DiskUsage: 67, TotalContents: 0
StorageEvent: 2025/02/04 16:48:49 Timestamp: 2025-02-04T16:48:49+05:30, DiskUsage: 67, TotalContents: 0
StorageEvent: 2025/02/04 16:49:21 Timestamp: 2025-02-04T16:49:21+05:30, DiskUsage: 67, TotalContents: 0
StorageEvent: 2025/02/04 16:49:52 Timestamp: 2025-02-04T16:49:52+05:30, DiskUsage: 67, TotalContents: 0
StorageEvent: 2025/02/04 16:50:24 Timestamp: 2025-02-04T16:50:24+05:30, DiskUsage: 67, TotalContents: 0
StorageEvent: 2025/02/04 16:50:56 Timestamp: 2025-02-04T16:50:56+05:30, DiskUsage: 67, TotalContents: 0
StorageEvent: 2025/02/04 16:51:27 Timestamp: 2025-02-04T16:51:27+05:30, URL: http://msn.com//dyna/200/256/120/0/Europe, Operation: read, ResponseTime: 4ms, Bytes: 0
StorageEvent: 2025/02/04 16:51:27 Timestamp: 2025-02-04T16:51:27+05:30, URL: http://msn.com//dyna/200/256/120/0/Europe, Operation: write, ResponseTime: 37ms, Bytes: 256
StorageEvent: 2025/02/04 16:51:28 Timestamp: 2025-02-04T16:51:28+05:30, DiskUsage: 67, TotalContents: 1
StorageEvent: 2025/02/04 16:51:59 Timestamp: 2025-02-04T16:51:59+05:30, DiskUsage: 67, TotalContents: 1
StorageEvent: 2025/02/04 16:52:31 Timestamp: 2025-02-04T16:52:31+05:30, DiskUsage: 67, TotalContents: 1
StorageEvent: 2025/02/04 16:53:03 Timestamp: 2025-02-04T16:53:03+05:30, DiskUsage: 67, TotalContents: 1
StorageEvent: 2025/02/04 16:53:35 Timestamp: 2025-02-04T16:53:35+05:30, DiskUsage: 67, TotalContents: 1
StorageEvent: 2025/02/04 16:54:06 Timestamp: 2025-02-04T16:54:06+05:30, DiskUsage: 67, TotalContents: 1
StorageEvent: 2025/02/04 16:54:38 Timestamp: 2025-02-04T16:54:38+05:30, DiskUsage: 67, TotalContents: 1
StorageEvent: 2025/02/04 16:55:09 Timestamp: 2025-02-04T16:55:09+05:30, DiskUsage: 67, TotalContents: 1
StorageEvent: 2025/02/04 16:55:41 Timestamp: 2025-02-04T16:55:41+05:30, DiskUsage: 67, TotalContents: 1
StorageEvent: 2025/02/04 16:56:13 Timestamp: 2025-02-04T16:56:13+05:30, DiskUsage: 67, TotalContents: 1
StorageEvent: 2025/02/04 16:56:44 Timestamp: 2025-02-04T16:56:44+05:30, DiskUsage: 67, TotalContents: 1
StorageEvent: 2025/02/04 16:57:16 Timestamp: 2025-02-04T16:57:16+05:30, DiskUsage: 67, TotalContents: 1
StorageEvent: 2025/02/04 16:57:48 Timestamp: 2025-02-04T16:57:48+05:30, DiskUsage: 67, TotalContents: 1
StorageEvent: 2025/02/04 16:58:19 Timestamp: 2025-02-04T16:58:19+05:30, DiskUsage: 67, TotalContents: 1
StorageEvent: 2025/02/04 16:58:51 Timestamp: 2025-02-04T16:58:51+05:30, DiskUsage: 67, TotalContents: 1
StorageEvent: 2025/02/04 16:59:23 Timestamp: 2025-02-04T16:59:23+05:30, DiskUsage: 67, TotalContents: 1
StorageEvent: 2025/02/04 16:59:55 Timestamp: 2025-02-04T16:59:55+05:30, DiskUsage: 67, TotalContents: 1
StorageEvent: 2025/02/04 17:00:27 Timestamp: 2025-02-04T17:00:27+05:30, DiskUsage: 67, TotalContents: 1
StorageEvent: 2025/02/04 17:00:58 Timestamp: 2025-02-04T17:00:58+05:30, DiskUsage: 67, TotalContents: 1
StorageEvent: 2025/02/04 17:01:30 Timestamp: 2025-02-04T17:01:30+05:30, DiskUsage: 67, TotalContents: 1
StorageEvent: 2025/02/04 17:02:02 Timestamp: 2025-02-04T17:02:02+05:30, DiskUsage: 67, TotalContents: 1
StorageEvent: 2025/02/04 17:02:34 Timestamp: 2025-02-04T17:02:34+05:30, DiskUsage: 67, TotalContents: 1
StorageEvent: 2025/02/04 17:03:05 Timestamp: 2025-02-04T17:03:05+05:30, DiskUsage: 67, TotalContents: 1
StorageEvent: 2025/02/04 17:03:37 Timestamp: 2025-02-04T17:03:37+05:30, DiskUsage: 67, TotalContents: 1
StorageEvent: 2025/02/04 17:04:08 Timestamp: 2025-02-04T17:04:08+05:30, DiskUsage: 67, TotalContents: 1
StorageEvent: 2025/02/04 17:04:40 Timestamp: 2025-02-04T17:04:40+05:30, DiskUsage: 67, TotalContents: 1
StorageEvent: 2025/02/04 17:05:12 Timestamp: 2025-02-04T17:05:12+05:30, DiskUsage: 67, TotalContents: 1
StorageEvent: 2025/02/04 17:05:43 Timestamp: 2025-02-04T17:05:43+05:30, DiskUsage: 67, TotalContents: 1
StorageEvent: 2025/02/04 17:06:15 Timestamp: 2025-02-04T17:06:15+05:30, DiskUsage: 67, TotalContents: 1
StorageEvent: 2025/02/04 17:06:46 Timestamp: 2025-02-04T17:06:46+05:30, DiskUsage: 67, TotalContents: 1
StorageEvent: 2025/02/04 17:07:18 Timestamp: 2025-02-04T17:07:18+05:30, DiskUsage: 67, TotalContents: 1
StorageEvent: 2025/02/04 17:07:50 Timestamp: 2025-02-04T17:07:50+05:30, DiskUsage: 67, TotalContents: 1
StorageEvent: 2025/02/04 17:08:21 Timestamp: 2025-02-04T17:08:21+05:30, DiskUsage: 67, TotalContents: 1
StorageEvent: 2025/02/04 17:08:54 Timestamp: 2025-02-04T17:08:54+05:30, DiskUsage: 67, TotalContents: 1
StorageEvent: 2025/02/04 17:09:25 Timestamp: 2025-02-04T17:09:25+05:30, DiskUsage: 67, TotalContents: 1
StorageEvent: 2025/02/04 17:09:57 Timestamp: 2025-02-04T17:09:57+05:30, DiskUsage: 67, TotalContents: 1
StorageEvent: 2025/02/04 17:10:29 Timestamp: 2025-02-04T17:10:29+05:30, DiskUsage: 67, TotalContents: 1
StorageEvent: 2025/02/04 17:11:01 Timestamp: 2025-02-04T17:11:01+05:30, DiskUsage: 67, TotalContents: 1
StorageEvent: 2025/02/04 17:11:32 Timestamp: 2025-02-04T17:11:32+05:30, DiskUsage: 67, TotalContents: 1
StorageEvent: 2025/02/04 17:12:04 Timestamp: 2025-02-04T17:12:04+05:30, DiskUsage: 67, TotalContents: 1
StorageEvent: 2025/02/04 17:12:36 Timestamp: 2025-02-04T17:12:36+05:30, DiskUsage: 67, TotalContents: 1
StorageEvent: 2025/02/04 17:13:08 Timestamp: 2025-02-04T17:13:08+05:30, DiskUsage: 67, TotalContents: 1
StorageEvent: 2025/02/04 17:13:40 Timestamp: 2025-02-04T17:13:40+05:30, DiskUsage: 67, TotalContents: 1
StorageEvent: 2025/02/04 17:14:11 Timestamp: 2025-02-04T17:14:11+05:30, DiskUsage: 67, TotalContents: 1
StorageEvent: 2025/02/04 17:14:43 Timestamp: 2025-02-04T17:14:43+05:30, DiskUsage: 67, TotalContents: 1
StorageEvent: 2025/02/04 17:15:15 Timestamp: 2025-02-04T17:15:15+05:30, DiskUsage: 67, TotalContents: 1
StorageEvent: 2025/02/04 17:15:47 Timestamp: 2025-02-04T17:15:47+05:30, DiskUsage: 67, TotalContents: 1
StorageEvent: 2025/02/04 17:16:18 Timestamp: 2025-02-04T17:16:18+05:30, DiskUsage: 67, TotalContents: 1
StorageEvent: 2025/02/04 17:16:50 Timestamp: 2025-02-04T17:16:50+05:30, DiskUsage: 67, TotalContents: 1
StorageEvent: 2025/02/04 17:17:22 Timestamp: 2025-02-04T17:17:22+05:30, DiskUsage: 67, TotalContents: 1
StorageEvent: 2025/02/04 17:17:54 Timestamp: 2025-02-04T17:17:54+05:30, DiskUsage: 67, TotalContents: 1
StorageEvent: 2025/02/04 17:18:26 Timestamp: 2025-02-04T17:18:26+05:30, DiskUsage: 67, TotalContents: 1
StorageEvent: 2025/02/04 17:18:57 Timestamp: 2025-02-04T17:18:57+05:30, DiskUsage: 67, TotalContents: 1
StorageEvent: 2025/02/04 17:19:29 Timestamp: 2025-02-04T17:19:29+05:30, DiskUsage: 67, TotalContents: 1
StorageEvent: 2025/02/04 17:20:00 Timestamp: 2025-02-04T17:20:00+05:30, DiskUsage: 67, TotalContents: 1
StorageEvent: 2025/02/04 17:20:32 Timestamp: 2025-02-04T17:20:32+05:30, DiskUsage: 67, TotalContents: 1
StorageEvent: 2025/02/04 17:21:04 Timestamp: 2025-02-04T17:21:04+05:30, DiskUsage: 67, TotalContents: 1
StorageEvent: 2025/02/04 17:21:35 Timestamp: 2025-02-04T17:21:35+05:30, DiskUsage: 67, TotalContents: 1
StorageEvent: 2025/02/04 17:22:07 Timestamp: 2025-02-04T17:22:07+05:30, DiskUsage: 67, TotalContents: 1
StorageEvent: 2025/02/04 17:22:39 Timestamp: 2025-02-04T17:22:39+05:30, DiskUsage: 67, TotalContents: 1
StorageEvent: 2025/02/04 17:23:10 Timestamp: 2025-02-04T17:23:10+05:30, DiskUsage: 67, TotalContents: 1
StorageEvent: 2025/02/04 17:23:42 Timestamp: 2025-02-04T17:23:42+05:30, DiskUsage: 67, TotalContents: 1
StorageEvent: 2025/02/04 17:24:13 Timestamp: 2025-02-04T17:24:13+05:30, DiskUsage: 67, TotalContents: 1
StorageEvent: 2025/02/04 17:24:45 Timestamp: 2025-02-04T17:24:45+05:30, DiskUsage: 67, TotalContents: 1
StorageEvent: 2025/02/04 17:25:17 Timestamp: 2025-02-04T17:25:17+05:30, DiskUsage: 67, TotalContents: 1
StorageEvent: 2025/02/04 17:25:49 Timestamp: 2025-02-04T17:25:49+05:30, DiskUsage: 67, TotalContents: 1
StorageEvent: 2025/02/04 17:26:21 Timestamp: 2025-02-04T17:26:21+05:30, DiskUsage: 67, TotalContents: 1
StorageEvent: 2025/02/04 17:26:53 Timestamp: 2025-02-04T17:26:53+05:30, DiskUsage: 67, TotalContents: 1
StorageEvent: 2025/02/04 17:27:24 Timestamp: 2025-02-04T17:27:24+05:30, DiskUsage: 67, TotalContents: 1
StorageEvent: 2025/02/04 17:27:56 Timestamp: 2025-02-04T17:27:56+05:30, DiskUsage: 67, TotalContents: 1
StorageEvent: 2025/02/04 17:28:28 Timestamp: 2025-02-04T17:28:28+05:30, DiskUsage: 67, TotalContents: 1
StorageEvent: 2025/02/04 17:29:00 Timestamp: 2025-02-04T17:29:00+05:30, DiskUsage: 67, TotalContents: 1
StorageEvent: 2025/02/04 17:29:31 Timestamp: 2025-02-04T17:29:31+05:30, DiskUsage: 67, TotalContents: 1
StorageEvent: 2025/02/04 17:30:03 Timestamp: 2025-02-04T17:30:03+05:30, DiskUsage: 67, TotalContents: 1
StorageEvent: 2025/02/04 17:30:35 Timestamp: 2025-02-04T17:30:35+05:30, DiskUsage: 67, TotalContents: 1
StorageEvent: 2025/02/04 17:31:07 Timestamp: 2025-02-04T17:31:07+05:30, DiskUsage: 67, TotalContents: 1
StorageEvent: 2025/02/04 17:31:38 Timestamp: 2025-02-04T17:31:38+05:30, DiskUsage: 67, TotalContents: 1
StorageEvent: 2025/02/04 17:32:10 Timestamp: 2025-02-04T17:32:10+05:30, DiskUsage: 67, TotalContents: 1
StorageEvent: 2025/02/04 17:32:41 Timestamp: 2025-02-04T17:32:41+05:30, DiskUsage: 67, TotalContents: 1
StorageEvent: 2025/02/04 17:33:13 Timestamp: 2025-02-04T17:33:13+05:30, DiskUsage: 67, TotalContents: 1
StorageEvent: 2025/02/04 17:33:45 Timestamp: 2025-02-04T17:33:45+05:30, DiskUsage: 67, TotalContents: 1
StorageEvent: 2025/02/04 17:34:17 Timestamp: 2025-02-04T17:34:17+05:30, DiskUsage: 67, TotalContents: 1
StorageEvent: 2025/02/04 17:34:48 Timestamp: 2025-02-04T17:34:48+05:30, DiskUsage: 67, TotalContents: 1
StorageEvent: 2025/02/04 17:35:20 Timestamp: 2025-02-04T17:35:20+05:30, DiskUsage: 67, TotalContents: 1
StorageEvent: 2025/02/04 17:35:51 Timestamp: 2025-02-04T17:35:51+05:30, DiskUsage: 67, TotalContents: 1
StorageEvent: 2025/02/04 17:36:23 Timestamp: 2025-02-04T17:36:23+05:30, DiskUsage: 67, TotalContents: 1
StorageEvent: 2025/02/04 17:36:54 Timestamp: 2025-02-04T17:36:54+05:30, DiskUsage: 67, TotalContents: 1
StorageEvent: 2025/02/04 17:37:26 Timestamp: 2025-02-04T17:37:26+05:30, DiskUsage: 67, TotalContents: 1
StorageEvent: 2025/02/04 17:37:57 Timestamp: 2025-02-04T17:37:57+05:30, DiskUsage: 67, TotalContents: 1
StorageEvent: 2025/02/04 17:38:29 Timestamp: 2025-02-04T17:38:29+05:30, DiskUsage: 67, TotalContents: 1
StorageEvent: 2025/02/04 17:39:01 Timestamp: 2025-02-04T17:39:01+05:30, DiskUsage: 67, TotalContents: 1
StorageEvent: 2025/02/04 17:39:32 Timestamp: 2025-02-04T17:39:32+05:30, DiskUsage: 67, TotalContents: 1
StorageEvent: 2025/02/04 17:40:04 Timestamp: 2025-02-04T17:40:04+05:30, DiskUsage: 67, TotalContents: 1
StorageEvent: 2025/02/04 17:40:36 Timestamp: 2025-02-04T17:40:36+05:30, DiskUsage: 67, TotalContents: 1
StorageEvent: 2025/02/04 17:41:08 Timestamp: 2025-02-04T17:41:08+05:30, DiskUsage: 67, TotalContents: 1
StorageEvent: 2025/02/04 17:41:39 Timestamp: 2025-02-04T17:41:39+05:30, DiskUsage: 67, TotalContents: 1
StorageEvent: 2025/02/04 17:42:11 Timestamp: 2025-02-04T17:42:11+05:30, DiskUsage: 67, TotalContents: 1
StorageEvent: 2025/02/04 17:42:43 Timestamp: 2025-02-04T17:42:43+05:30, DiskUsage: 67, TotalContents: 1
StorageEvent: 2025/02/04 17:43:14 Timestamp: 2025-02-04T17:43:14+05:30, DiskUsage: 67, TotalContents: 1
StorageEvent: 2025/02/04 17:43:46 Timestamp: 2025-02-04T17:43:46+05:30, DiskUsage: 67, TotalContents: 1
StorageEvent: 2025/02/04 17:44:17 Timestamp: 2025-02-04T17:44:17+05:30, DiskUsage: 67, TotalContents: 1
StorageEvent: 2025/02/04 17:44:49 Timestamp: 2025-02-04T17:44:49+05:30, DiskUsage: 67, TotalContents: 1
StorageEvent: 2025/02/04 17:45:21 Timestamp: 2025-02-04T17:45:21+05:30, DiskUsage: 67, TotalContents: 1
StorageEvent: 2025/02/04 17:45:53 Timestamp: 2025-02-04T17:45:53+05:30, DiskUsage: 67, TotalContents: 1
StorageEvent: 2025/02/04 17:46:24 Timestamp: 2025-02-04T17:46:24+05:30, DiskUsage: 67, TotalContents: 1
StorageEvent: 2025/02/04 17:46:56 Timestamp: 2025-02-04T17:46:56+05:30, DiskUsage: 67, TotalContents: 1
StorageEvent: 2025/02/04 17:47:28 Timestamp: 2025-02-04T17:47:28+05:30, DiskUsage: 67, TotalContents: 1
StorageEvent: 2025/02/04 17:48:00 Timestamp: 2025-02-04T17:48:00+05:30, DiskUsage: 67, TotalContents: 1
StorageEvent: 2025/02/04 17:48:32 Timestamp: 2025-02-04T17:48:32+05:30, DiskUsage: 67, TotalContents: 1
StorageEvent: 2025/02/04 17:49:03 Timestamp: 2025-02-04T17:49:03+05:30, DiskUsage: 67, TotalContents: 1
StorageEvent: 2025/02/04 17:49:35 Timestamp: 2025-02-04T17:49:35+05:30, DiskUsage: 67, TotalContents: 1
StorageEvent: 2025/02/04 17:50:07 Timestamp: 2025-02-04T17:50:07+05:30, DiskUsage: 67, TotalContents: 1
StorageEvent: 2025/02/04 17:50:38 Timestamp: 2025-02-04T17:50:38+05:30, DiskUsage: 67, TotalContents: 1
StorageEvent: 2025/02/04 17:51:10 Timestamp: 2025-02-04T17:51:10+05:30, DiskUsage: 67, TotalContents: 1
StorageEvent: 2025/02/04 17:51:41 Timestamp: 2025-02-04T17:51:41+05:30, DiskUsage: 67, TotalContents: 1
StorageEvent: 2025/02/04 17:52:13 Timestamp: 2025-02-04T17:52:13+05:30, DiskUsage: 67, TotalContents: 1
StorageEvent: 2025/02/04 17:52:45 Timestamp: 2025-02-04T17:52:45+05:30, DiskUsage: 67, TotalContents: 1
StorageEvent: 2025/02/04 17:53:17 Timestamp: 2025-02-04T17:53:17+05:30, DiskUsage: 67, TotalContents: 1
StorageEvent: 2025/02/04 17:53:49 Timestamp: 2025-02-04T17:53:49+05:30, DiskUsage: 67, TotalContents: 1
StorageEvent: 2025/02/04 17:54:21 Timestamp: 2025-02-04T17:54:21+05:30, DiskUsage: 67, TotalContents: 1
StorageEvent: 2025/02/04 17:54:53 Timestamp: 2025-02-04T17:54:53+05:30, DiskUsage: 67, TotalContents: 1
StorageEvent: 2025/02/04 17:55:26 Timestamp: 2025-02-04T17:55:26+05:30, DiskUsage: 67, TotalContents: 1
StorageEvent: 2025/02/04 17:55:57 Timestamp: 2025-02-04T17:55:57+05:30, DiskUsage: 67, TotalContents: 1
StorageEvent: 2025/02/04 17:56:29 Timestamp: 2025-02-04T17:56:29+05:30, DiskUsage: 67, TotalContents: 1
StorageEvent: 2025/02/04 17:57:00 Timestamp: 2025-02-04T17:57:00+05:30, DiskUsage: 67, TotalContents: 1
StorageEvent: 2025/02/04 17:57:32 Timestamp: 2025-02-04T17:57:32+05:30, DiskUsage: 67, TotalContents: 1
StorageEvent: 2025/02/04 17:58:04 Timestamp: 2025-02-04T17:58:04+05:30, DiskUsage: 67, TotalContents: 1
StorageEvent: 2025/02/04 17:58:36 Timestamp: 2025-02-04T17:58:36+05:30, DiskUsage: 67, TotalContents: 1
StorageEvent: 2025/02/04 17:59:07 Timestamp: 2025-02-04T17:59:07+05:30, DiskUsage: 67, TotalContents: 1
StorageEvent: 2025/02/04 17:59:39 Timestamp: 2025-02-04T17:59:39+05:30, DiskUsage: 67, TotalContents: 1
StorageEvent: 2025/02/04 18:00:11 Timestamp: 2025-02-04T18:00:11+05:30, DiskUsage: 67, TotalContents: 1
StorageEvent: 2025/02/04 18:00:42 Timestamp: 2025-02-04T18:00:42+05:30, DiskUsage: 67, TotalContents: 1
StorageEvent: 2025/02/04 18:01:14 Timestamp: 2025-02-04T18:01:14+05:30, DiskUsage: 67, TotalContents: 1
StorageEvent: 2025/02/04 18:01:46 Timestamp: 2025-02-04T18:01:46+05:30, DiskUsage: 67, TotalContents: 1
StorageEvent: 2025/02/04 18:02:18 Timestamp: 2025-02-04T18:02:18+05:30, DiskUsage: 67, TotalContents: 1
StorageEvent: 2025/02/04 18:02:49 Timestamp: 2025-02-04T18:02:49+05:30, DiskUsage: 67, TotalContents: 1
StorageEvent: 2025/02/05 10:35:17 Timestamp: 2025-02-05T10:35:17+05:30, URL: http://google.com/, Operation: delete, ResponseTime: 8ms, Bytes: 0
StorageEvent: 2025/02/05 10:35:18 Timestamp: 2025-02-05T10:35:18+05:30, URL: http://msn.com/, Operation: delete, ResponseTime: 42ms, Bytes: 447
StorageEvent: 2025/02/05 10:35:26 Timestamp: 2025-02-05T10:35:26+05:30, URL: http://msn.com/, Operation: write, ResponseTime: 0ms, Bytes: 0
StorageEvent: 2025/02/05 10:35:34 Timestamp: 2025-02-05T10:35:34+05:30, DiskUsage: 67, TotalContents: 0
StorageEvent: 2025/02/05 10:36:06 Timestamp: 2025-02-05T10:36:06+05:30, DiskUsage: 67, TotalContents: 0
StorageEvent: 2025/02/05 10:36:37 Timestamp: 2025-02-05T10:36:37+05:30, DiskUsage: 67, TotalContents: 0
StorageEvent: 2025/02/05 10:37:09 Timestamp: 2025-02-05T10:37:09+05:30, DiskUsage: 67, TotalContents: 0
StorageEvent: 2025/02/05 10:37:41 Timestamp: 2025-02-05T10:37:41+05:30, DiskUsage: 67, TotalContents: 0
StorageEvent: 2025/02/05 10:38:12 Timestamp: 2025-02-05T10:38:12+05:30, DiskUsage: 67, TotalContents: 0
StorageEvent: 2025/02/05 10:38:44 Timestamp: 2025-02-05T10:38:44+05:30, DiskUsage: 67, TotalContents: 0
StorageEvent: 2025/02/05 10:39:16 Timestamp: 2025-02-05T10:39:16+05:30, DiskUsage: 67, TotalContents: 0
StorageEvent: 2025/02/05 10:39:47 Timestamp: 2025-02-05T10:39:47+05:30, DiskUsage: 67, TotalContents: 0
StorageEvent: 2025/02/05 10:40:19 Timestamp: 2025-02-05T10:40:19+05:30, DiskUsage: 67, TotalContents: 0
StorageEvent: 2025/02/05 10:40:51 Timestamp: 2025-02-05T10:40:51+05:30, DiskUsage: 67, TotalContents: 0
StorageEvent: 2025/02/05 10:41:23 Timestamp: 2025-02-05T10:41:23+05:30, DiskUsage: 67, TotalContents: 0
StorageEvent: 2025/02/05 10:41:54 Timestamp: 2025-02-05T10:41:54+05:30, DiskUsage: 67, TotalContents: 0
StorageEvent: 2025/02/05 10:42:26 Timestamp: 2025-02-05T10:42:26+05:30, DiskUsage: 67, TotalContents: 0
StorageEvent: 2025/02/05 10:42:58 Timestamp: 2025-02-05T10:42:58+05:30, DiskUsage: 67, TotalContents: 0
StorageEvent: 2025/02/05 10:43:30 Timestamp: 2025-02-05T10:43:30+05:30, DiskUsage: 67, TotalContents: 0
StorageEvent: 2025/02/05 10:44:02 Timestamp: 2025-02-05T10:44:02+05:30, DiskUsage: 67, TotalContents: 0
StorageEvent: 2025/02/05 10:44:33 Timestamp: 2025-02-05T10:44:33+05:30, DiskUsage: 67, TotalContents: 0
StorageEvent: 2025/02/05 10:44:46 Timestamp: 2025-02-05T10:44:46+05:30, URL: http://msn.com//dyna/200/256/300/0/Europe, Operation: read, ResponseTime: 3ms, Bytes: 0
StorageEvent: 2025/02/05 10:44:47 Timestamp: 2025-02-05T10:44:47+05:30, URL: http://msn.com//dyna/200/256/300/0/Europe, Operation: write, ResponseTime: 39ms, Bytes: 256
StorageEvent: 2025/02/05 10:45:05 Timestamp: 2025-02-05T10:45:05+05:30, DiskUsage: 67, TotalContents: 1
StorageEvent: 2025/02/05 10:45:37 Timestamp: 2025-02-05T10:45:37+05:30, DiskUsage: 67, TotalContents: 1
StorageEvent: 2025/02/05 13:00:19 Timestamp: 2025-02-05T13:00:19+05:30, URL: http:///google.com, ResponseTime: 34ms, Bytes: 0, Operation: delete
StorageEvent: 2025/02/05 13:00:36 Timestamp: 2025-02-05T13:00:36+05:30, URL: http:///msn.com, ResponseTime: 38ms, Bytes: 447, Operation: delete
StorageEvent: 2025/02/05 13:14:24 Timestamp: 2025-02-05T13:14:24+05:30, URL: http://msn.com//dyna/200/256/300/0/Europe, ResponseTime: 4ms, Bytes: 0, Operation: read
StorageEvent: 2025/02/05 13:14:24 Timestamp: 2025-02-05T13:14:24+05:30, URL: http://msn.com//dyna/200/256/300/0/Europe, ResponseTime: 35ms, Bytes: 256, Operation: write
StorageEvent: 2025/02/05 13:23:31 Timestamp: 2025-02-05T13:23:31+05:30, URL: http:///google.com, ResponseTime: 30ms, Bytes: 0, Operation: delete
StorageEvent: 2025/02/05 13:23:46 Timestamp: 2025-02-05T13:23:46+05:30, URL: http:///msn.com, ResponseTime: 34ms, Bytes: 447, Operation: delete
StorageEvent: 2025/02/05 13:41:25 Timestamp: 2025-02-05T13:41:25+05:30, URL: http:///google.com, ResponseTime: 1ms, Bytes: 0, Operation: delete
StorageEvent: 2025/02/05 13:42:42 Timestamp: 2025-02-05T13:42:42+05:30, URL: http:///google.com, ResponseTime: 2ms, Bytes: 0, Operation: delete
StorageEvent: 2025/02/05 13:46:53 Timestamp: 2025-02-05T13:46:53+05:30, URL: http:///google.com, ResponseTime: 7ms, Bytes: 0, Operation: delete
StorageEvent: 2025/02/05 13:46:54 Timestamp: 2025-02-05T13:46:54+05:30, URL: http:///google.com, ResponseTime: 1ms, Bytes: 0, Operation: delete
StorageEvent: 2025/02/05 13:47:21 Timestamp: 2025-02-05T13:47:21+05:30, URL: http:///google.com, ResponseTime: 1ms, Bytes: 0, Operation: delete
StorageEvent: 2025/02/05 13:48:34 Timestamp: 2025-02-05T13:48:34+05:30, URL: http:///google.com, ResponseTime: 1ms, Bytes: 0, Operation: delete
StorageEvent: 2025/02/05 13:51:26 Timestamp: 2025-02-05T13:51:26+05:30, URL: http://gmail.com/, ResponseTime: 2ms, Bytes: 0, Operation: delete
StorageEvent: 2025/02/05 13:53:31 Timestamp: 2025-02-05T13:53:31+05:30, URL: http:///google.com, ResponseTime: 1ms, Bytes: 0, Operation: delete
StorageEvent: 2025/02/05 14:01:29 Timestamp: 2025-02-05T14:01:29+05:30, URL: http:///google.com, ResponseTime: 2ms, Bytes: 0, Operation: delete
StorageEvent: 2025/02/05 14:01:36 Timestamp: 2025-02-05T14:01:36+05:30, URL: http:///msn.com, ResponseTime: 1ms, Bytes: 0, Operation: delete
StorageEvent: 2025/02/05 14:02:21 Timestamp: 2025-02-05T14:02:21+05:30, URL: http:///google.com, ResponseTime: 1ms, Bytes: 0, Operation: delete
StorageEvent: 2025/02/05 14:02:40 Timestamp: 2025-02-05T14:02:40+05:30, URL: http:///google.com, ResponseTime: 2ms, Bytes: 0, Operation: delete
StorageEvent: 2025/02/05 15:40:44 Timestamp: 2025-02-05T15:40:44+05:30, URL: http://gmail.com/, ResponseTime: 2ms, Bytes: 0, Operation: delete
StorageEvent: 2025/02/05 15:40:44 Timestamp: 2025-02-05T15:40:44+05:30, URL: http://msn.com/, ResponseTime: 2ms, Bytes: 0, Operation: delete
StorageEvent: 2025/02/05 15:55:03 Timestamp: 2025-02-05T15:55:03+05:30, URL: http://msn.com//dyna/200/256/300/0/Europe, ResponseTime: 4ms, Bytes: 0, Operation: read
StorageEvent: 2025/02/05 15:55:03 Timestamp: 2025-02-05T15:55:03+05:30, URL: http://msn.com//dyna/200/256/300/0/Europe, ResponseTime: 40ms, Bytes: 256, Operation: write
StorageEvent: 2025/02/05 16:03:56 Timestamp: 2025-02-05T16:03:56+05:30, URL: http:///google.com, ResponseTime: 65ms, Bytes: 0, Operation: delete
