StorageEvent: 2025/02/04 16:26:28 Timestamp: 2025-02-04T16:26:28+05:30, DiskUsage: 67, TotalContents: 0
StorageEvent: 2025/02/04 16:27:00 Timestamp: 2025-02-04T16:27:00+05:30, DiskUsage: 67, TotalContents: 0
StorageEvent: 2025/02/04 16:27:32 Timestamp: 2025-02-04T16:27:32+05:30, DiskUsage: 67, TotalContents: 0
StorageEvent: 2025/02/04 16:28:05 Timestamp: 2025-02-04T16:28:05+05:30, DiskUsage: 67, TotalContents: 0
StorageEvent: 2025/02/04 16:28:37 Timestamp: 2025-02-04T16:28:37+05:30, DiskUsage: 67, TotalContents: 0
StorageEvent: 2025/02/04 16:29:09 Timestamp: 2025-02-04T16:29:09+05:30, DiskUsage: 67, TotalContents: 0
StorageEvent: 2025/02/04 16:29:41 Timestamp: 2025-02-04T16:29:41+05:30, DiskUsage: 67, TotalContents: 0
StorageEvent: 2025/02/04 16:30:13 Timestamp: 2025-02-04T16:30:13+05:30, DiskUsage: 67, TotalContents: 0
StorageEvent: 2025/02/04 16:30:45 Timestamp: 2025-02-04T16:30:45+05:30, DiskUsage: 67, TotalContents: 0
StorageEvent: 2025/02/04 16:31:17 Timestamp: 2025-02-04T16:31:17+05:30, DiskUsage: 67, TotalContents: 0
StorageEvent: 2025/02/04 16:31:49 Timestamp: 2025-02-04T16:31:49+05:30, DiskUsage: 67, TotalContents: 0
StorageEvent: 2025/02/04 16:32:21 Timestamp: 2025-02-04T16:32:21+05:30, DiskUsage: 67, TotalContents: 0
StorageEvent: 2025/02/04 16:32:53 Timestamp: 2025-02-04T16:32:53+05:30, DiskUsage: 67, TotalContents: 0
StorageEvent: 2025/02/04 16:33:10 Timestamp: 2025-02-04T16:33:10+05:30, URL: http://google.com//static/a.html, Operation: read, ResponseTime: 3ms, Bytes: 0
StorageEvent: 2025/02/04 16:33:11 Timestamp: 2025-02-04T16:33:11+05:30, URL: http://google.com//static/a.html, Operation: write, ResponseTime: 18ms, Bytes: 113
StorageEvent: 2025/02/04 16:33:26 Timestamp: 2025-02-04T16:33:26+05:30, DiskUsage: 67, TotalContents: 1
StorageEvent: 2025/02/04 16:33:58 Timestamp: 2025-02-04T16:33:58+05:30, DiskUsage: 67, TotalContents: 1
StorageEvent: 2025/02/04 16:34:30 Timestamp: 2025-02-04T16:34:30+05:30, DiskUsage: 67, TotalContents: 1
StorageEvent: 2025/02/04 16:35:02 Timestamp: 2025-02-04T16:35:02+05:30, DiskUsage: 67, TotalContents: 1
StorageEvent: 2025/02/04 16:35:34 Timestamp: 2025-02-04T16:35:34+05:30, DiskUsage: 67, TotalContents: 1
StorageEvent: 2025/02/04 16:36:07 Timestamp: 2025-02-04T16:36:07+05:30, DiskUsage: 67, TotalContents: 1
StorageEvent: 2025/02/04 16:36:39 Timestamp: 2025-02-04T16:36:39+05:30, DiskUsage: 67, TotalContents: 1
StorageEvent: 2025/02/04 16:37:10 Timestamp: 2025-02-04T16:37:10+05:30, DiskUsage: 67, TotalContents: 1
StorageEvent: 2025/02/04 16:37:42 Timestamp: 2025-02-04T16:37:42+05:30, DiskUsage: 67, TotalContents: 1
StorageEvent: 2025/02/04 16:38:14 Timestamp: 2025-02-04T16:38:14+05:30, DiskUsage: 67, TotalContents: 1
StorageEvent: 2025/02/04 16:38:46 Timestamp: 2025-02-04T16:38:46+05:30, DiskUsage: 67, TotalContents: 1
StorageEvent: 2025/02/04 16:39:18 Timestamp: 2025-02-04T16:39:18+05:30, DiskUsage: 67, TotalContents: 1
StorageEvent: 2025/02/04 16:39:50 Timestamp: 2025-02-04T16:39:50+05:30, DiskUsage: 67, TotalContents: 1
StorageEvent: 2025/02/04 16:40:22 Timestamp: 2025-02-04T16:40:22+05:30, DiskUsage: 67, TotalContents: 1
StorageEvent: 2025/02/04 16:40:54 Timestamp: 2025-02-04T16:40:54+05:30, DiskUsage: 67, TotalContents: 1
StorageEvent: 2025/02/04 16:41:26 Timestamp: 2025-02-04T16:41:26+05:30, DiskUsage: 67, TotalContents: 1
StorageEvent: 2025/02/04 16:41:58 Timestamp: 2025-02-04T16:41:58+05:30, DiskUsage: 67, TotalContents: 1
StorageEvent: 2025/02/04 16:42:30 Timestamp: 2025-02-04T16:42:30+05:30, DiskUsage: 67, TotalContents: 1
StorageEvent: 2025/02/04 16:43:02 Timestamp: 2025-02-04T16:43:02+05:30, DiskUsage: 67, TotalContents: 1
StorageEvent: 2025/02/04 16:43:34 Timestamp: 2025-02-04T16:43:34+05:30, DiskUsage: 67, TotalContents: 1
StorageEvent: 2025/02/04 16:44:06 Timestamp: 2025-02-04T16:44:06+05:30, DiskUsage: 67, TotalContents: 1
StorageEvent: 2025/02/04 16:44:37 Timestamp: 2025-02-04T16:44:37+05:30, DiskUsage: 67, TotalContents: 1
StorageEvent: 2025/02/04 16:45:09 Timestamp: 2025-02-04T16:45:09+05:30, DiskUsage: 67, TotalContents: 1
StorageEvent: 2025/02/04 16:45:41 Timestamp: 2025-02-04T16:45:41+05:30, DiskUsage: 67, TotalContents: 1
StorageEvent: 2025/02/04 16:46:13 Timestamp: 2025-02-04T16:46:13+05:30, DiskUsage: 67, TotalContents: 1
StorageEvent: 2025/02/04 16:46:15 Timestamp: 2025-02-04T16:46:15+05:30, URL: http://msn.com/, Operation: write, ResponseTime: 0ms, Bytes: 0
StorageEvent: 2025/02/04 16:46:45 Timestamp: 2025-02-04T16:46:45+05:30, DiskUsage: 67, TotalContents: 1
StorageEvent: 2025/02/04 16:47:17 Timestamp: 2025-02-04T16:47:17+05:30, DiskUsage: 67, TotalContents: 1
StorageEvent: 2025/02/04 16:47:49 Timestamp: 2025-02-04T16:47:49+05:30, DiskUsage: 67, TotalContents: 1
StorageEvent: 2025/02/04 16:48:21 Timestamp: 2025-02-04T16:48:21+05:30, DiskUsage: 67, TotalContents: 1
StorageEvent: 2025/02/04 16:48:53 Timestamp: 2025-02-04T16:48:53+05:30, DiskUsage: 67, TotalContents: 1
StorageEvent: 2025/02/04 16:49:25 Timestamp: 2025-02-04T16:49:25+05:30, DiskUsage: 67, TotalContents: 1
StorageEvent: 2025/02/04 16:49:56 Timestamp: 2025-02-04T16:49:56+05:30, DiskUsage: 67, TotalContents: 1
StorageEvent: 2025/02/04 16:50:28 Timestamp: 2025-02-04T16:50:28+05:30, DiskUsage: 67, TotalContents: 1
StorageEvent: 2025/02/04 16:51:00 Timestamp: 2025-02-04T16:51:00+05:30, DiskUsage: 67, TotalContents: 1
StorageEvent: 2025/02/04 16:51:27 Timestamp: 2025-02-04T16:51:27+05:30, URL: http://msn.com//dyna/200/256/120/0/Europe, Operation: read, ResponseTime: 4ms, Bytes: 0
StorageEvent: 2025/02/04 16:51:27 Timestamp: 2025-02-04T16:51:27+05:30, URL: http://msn.com//dyna/200/256/120/0/Europe, Operation: write, ResponseTime: 43ms, Bytes: 256
StorageEvent: 2025/02/04 16:51:32 Timestamp: 2025-02-04T16:51:32+05:30, DiskUsage: 67, TotalContents: 2
StorageEvent: 2025/02/04 16:52:04 Timestamp: 2025-02-04T16:52:04+05:30, DiskUsage: 67, TotalContents: 2
StorageEvent: 2025/02/04 16:52:36 Timestamp: 2025-02-04T16:52:36+05:30, DiskUsage: 67, TotalContents: 2
StorageEvent: 2025/02/04 16:53:08 Timestamp: 2025-02-04T16:53:08+05:30, DiskUsage: 67, TotalContents: 2
StorageEvent: 2025/02/04 16:53:31 Timestamp: 2025-02-04T16:53:31+05:30, URL: http://msn.com//dyna/200/256/120/0/Europe, Operation: read, ResponseTime: 7ms, Bytes: 256
StorageEvent: 2025/02/04 16:53:31 Timestamp: 2025-02-04T16:53:31+05:30, URL: http://msn.com//dyna/200/256/120/0/Europe, Operation: write, ResponseTime: 20ms, Bytes: 256
StorageEvent: 2025/02/04 16:53:40 Timestamp: 2025-02-04T16:53:40+05:30, DiskUsage: 67, TotalContents: 3
StorageEvent: 2025/02/04 16:54:12 Timestamp: 2025-02-04T16:54:12+05:30, DiskUsage: 67, TotalContents: 3
StorageEvent: 2025/02/04 16:54:44 Timestamp: 2025-02-04T16:54:44+05:30, DiskUsage: 67, TotalContents: 3
StorageEvent: 2025/02/04 16:55:16 Timestamp: 2025-02-04T16:55:16+05:30, DiskUsage: 67, TotalContents: 3
StorageEvent: 2025/02/04 16:55:47 Timestamp: 2025-02-04T16:55:47+05:30, DiskUsage: 67, TotalContents: 3
StorageEvent: 2025/02/04 16:56:19 Timestamp: 2025-02-04T16:56:19+05:30, DiskUsage: 67, TotalContents: 3
StorageEvent: 2025/02/04 16:56:51 Timestamp: 2025-02-04T16:56:51+05:30, DiskUsage: 67, TotalContents: 3
StorageEvent: 2025/02/04 16:57:23 Timestamp: 2025-02-04T16:57:23+05:30, DiskUsage: 67, TotalContents: 3
StorageEvent: 2025/02/04 16:57:55 Timestamp: 2025-02-04T16:57:55+05:30, DiskUsage: 67, TotalContents: 3
StorageEvent: 2025/02/04 16:58:27 Timestamp: 2025-02-04T16:58:27+05:30, DiskUsage: 67, TotalContents: 3
StorageEvent: 2025/02/04 16:58:59 Timestamp: 2025-02-04T16:58:59+05:30, DiskUsage: 67, TotalContents: 3
StorageEvent: 2025/02/04 16:59:31 Timestamp: 2025-02-04T16:59:31+05:30, DiskUsage: 67, TotalContents: 3
StorageEvent: 2025/02/04 17:00:03 Timestamp: 2025-02-04T17:00:03+05:30, DiskUsage: 67, TotalContents: 3
StorageEvent: 2025/02/04 17:00:35 Timestamp: 2025-02-04T17:00:35+05:30, DiskUsage: 67, TotalContents: 3
StorageEvent: 2025/02/04 17:01:07 Timestamp: 2025-02-04T17:01:07+05:30, DiskUsage: 67, TotalContents: 3
StorageEvent: 2025/02/04 17:01:38 Timestamp: 2025-02-04T17:01:38+05:30, DiskUsage: 67, TotalContents: 3
StorageEvent: 2025/02/04 17:02:10 Timestamp: 2025-02-04T17:02:10+05:30, DiskUsage: 67, TotalContents: 3
StorageEvent: 2025/02/04 17:02:42 Timestamp: 2025-02-04T17:02:42+05:30, DiskUsage: 67, TotalContents: 3
StorageEvent: 2025/02/04 17:03:09 Timestamp: 2025-02-04T17:03:09+05:30, URL: http://msn.com//dyna/200/256/1200/0/Europe, Operation: read, ResponseTime: 7ms, Bytes: 0
StorageEvent: 2025/02/04 17:03:09 Timestamp: 2025-02-04T17:03:09+05:30, URL: http://msn.com//dyna/200/256/1200/0/Europe, Operation: write, ResponseTime: 28ms, Bytes: 256
StorageEvent: 2025/02/04 17:03:13 Timestamp: 2025-02-04T17:03:13+05:30, DiskUsage: 67, TotalContents: 4
StorageEvent: 2025/02/04 17:03:45 Timestamp: 2025-02-04T17:03:45+05:30, DiskUsage: 67, TotalContents: 4
StorageEvent: 2025/02/04 17:04:16 Timestamp: 2025-02-04T17:04:16+05:30, DiskUsage: 67, TotalContents: 4
StorageEvent: 2025/02/04 17:04:48 Timestamp: 2025-02-04T17:04:48+05:30, DiskUsage: 67, TotalContents: 4
StorageEvent: 2025/02/04 17:05:20 Timestamp: 2025-02-04T17:05:20+05:30, DiskUsage: 67, TotalContents: 4
StorageEvent: 2025/02/04 17:05:51 Timestamp: 2025-02-04T17:05:51+05:30, DiskUsage: 67, TotalContents: 4
StorageEvent: 2025/02/04 17:06:23 Timestamp: 2025-02-04T17:06:23+05:30, DiskUsage: 67, TotalContents: 4
StorageEvent: 2025/02/04 17:06:55 Timestamp: 2025-02-04T17:06:55+05:30, DiskUsage: 67, TotalContents: 4
StorageEvent: 2025/02/04 17:07:26 Timestamp: 2025-02-04T17:07:26+05:30, DiskUsage: 67, TotalContents: 4
StorageEvent: 2025/02/04 17:07:58 Timestamp: 2025-02-04T17:07:58+05:30, DiskUsage: 67, TotalContents: 4
StorageEvent: 2025/02/04 17:08:30 Timestamp: 2025-02-04T17:08:30+05:30, DiskUsage: 67, TotalContents: 4
StorageEvent: 2025/02/04 17:09:02 Timestamp: 2025-02-04T17:09:02+05:30, DiskUsage: 67, TotalContents: 4
StorageEvent: 2025/02/04 17:09:33 Timestamp: 2025-02-04T17:09:33+05:30, DiskUsage: 67, TotalContents: 4
StorageEvent: 2025/02/04 17:10:05 Timestamp: 2025-02-04T17:10:05+05:30, DiskUsage: 67, TotalContents: 4
StorageEvent: 2025/02/04 17:10:37 Timestamp: 2025-02-04T17:10:37+05:30, DiskUsage: 67, TotalContents: 4
StorageEvent: 2025/02/04 17:11:09 Timestamp: 2025-02-04T17:11:09+05:30, DiskUsage: 67, TotalContents: 4
StorageEvent: 2025/02/04 17:11:41 Timestamp: 2025-02-04T17:11:41+05:30, DiskUsage: 67, TotalContents: 4
StorageEvent: 2025/02/04 17:12:13 Timestamp: 2025-02-04T17:12:13+05:30, DiskUsage: 67, TotalContents: 4
StorageEvent: 2025/02/04 17:12:45 Timestamp: 2025-02-04T17:12:45+05:30, DiskUsage: 67, TotalContents: 4
StorageEvent: 2025/02/04 17:13:16 Timestamp: 2025-02-04T17:13:16+05:30, DiskUsage: 67, TotalContents: 4
StorageEvent: 2025/02/04 17:13:48 Timestamp: 2025-02-04T17:13:48+05:30, DiskUsage: 67, TotalContents: 4
StorageEvent: 2025/02/04 17:14:20 Timestamp: 2025-02-04T17:14:20+05:30, DiskUsage: 67, TotalContents: 4
StorageEvent: 2025/02/04 17:14:52 Timestamp: 2025-02-04T17:14:52+05:30, DiskUsage: 67, TotalContents: 4
StorageEvent: 2025/02/04 17:15:23 Timestamp: 2025-02-04T17:15:23+05:30, DiskUsage: 67, TotalContents: 4
StorageEvent: 2025/02/04 17:15:55 Timestamp: 2025-02-04T17:15:55+05:30, DiskUsage: 67, TotalContents: 4
StorageEvent: 2025/02/04 17:16:27 Timestamp: 2025-02-04T17:16:27+05:30, DiskUsage: 67, TotalContents: 4
StorageEvent: 2025/02/04 17:16:59 Timestamp: 2025-02-04T17:16:59+05:30, DiskUsage: 67, TotalContents: 4
StorageEvent: 2025/02/04 17:17:31 Timestamp: 2025-02-04T17:17:31+05:30, DiskUsage: 67, TotalContents: 4
StorageEvent: 2025/02/04 17:18:03 Timestamp: 2025-02-04T17:18:03+05:30, DiskUsage: 67, TotalContents: 4
StorageEvent: 2025/02/04 17:18:34 Timestamp: 2025-02-04T17:18:34+05:30, DiskUsage: 67, TotalContents: 4
StorageEvent: 2025/02/04 17:19:06 Timestamp: 2025-02-04T17:19:06+05:30, DiskUsage: 67, TotalContents: 4
StorageEvent: 2025/02/04 17:19:38 Timestamp: 2025-02-04T17:19:38+05:30, DiskUsage: 67, TotalContents: 4
StorageEvent: 2025/02/04 17:20:10 Timestamp: 2025-02-04T17:20:10+05:30, DiskUsage: 67, TotalContents: 4
StorageEvent: 2025/02/04 17:20:41 Timestamp: 2025-02-04T17:20:41+05:30, DiskUsage: 67, TotalContents: 4
StorageEvent: 2025/02/04 17:21:13 Timestamp: 2025-02-04T17:21:13+05:30, DiskUsage: 67, TotalContents: 4
StorageEvent: 2025/02/04 17:21:44 Timestamp: 2025-02-04T17:21:44+05:30, DiskUsage: 67, TotalContents: 4
StorageEvent: 2025/02/04 17:22:16 Timestamp: 2025-02-04T17:22:16+05:30, DiskUsage: 67, TotalContents: 4
StorageEvent: 2025/02/04 17:22:48 Timestamp: 2025-02-04T17:22:48+05:30, DiskUsage: 67, TotalContents: 4
StorageEvent: 2025/02/04 17:23:19 Timestamp: 2025-02-04T17:23:19+05:30, DiskUsage: 67, TotalContents: 4
StorageEvent: 2025/02/04 17:23:51 Timestamp: 2025-02-04T17:23:51+05:30, DiskUsage: 67, TotalContents: 4
StorageEvent: 2025/02/04 17:24:22 Timestamp: 2025-02-04T17:24:22+05:30, DiskUsage: 67, TotalContents: 4
StorageEvent: 2025/02/04 17:24:54 Timestamp: 2025-02-04T17:24:54+05:30, DiskUsage: 67, TotalContents: 4
StorageEvent: 2025/02/04 17:25:26 Timestamp: 2025-02-04T17:25:26+05:30, DiskUsage: 67, TotalContents: 4
StorageEvent: 2025/02/04 17:25:58 Timestamp: 2025-02-04T17:25:58+05:30, DiskUsage: 67, TotalContents: 4
StorageEvent: 2025/02/04 17:26:30 Timestamp: 2025-02-04T17:26:30+05:30, DiskUsage: 67, TotalContents: 4
StorageEvent: 2025/02/04 17:27:02 Timestamp: 2025-02-04T17:27:02+05:30, DiskUsage: 67, TotalContents: 4
StorageEvent: 2025/02/04 17:27:33 Timestamp: 2025-02-04T17:27:33+05:30, DiskUsage: 67, TotalContents: 4
StorageEvent: 2025/02/04 17:28:05 Timestamp: 2025-02-04T17:28:05+05:30, DiskUsage: 67, TotalContents: 4
StorageEvent: 2025/02/04 17:28:37 Timestamp: 2025-02-04T17:28:37+05:30, DiskUsage: 67, TotalContents: 4
StorageEvent: 2025/02/04 17:29:09 Timestamp: 2025-02-04T17:29:09+05:30, DiskUsage: 67, TotalContents: 4
StorageEvent: 2025/02/04 17:29:40 Timestamp: 2025-02-04T17:29:40+05:30, DiskUsage: 67, TotalContents: 4
StorageEvent: 2025/02/04 17:30:12 Timestamp: 2025-02-04T17:30:12+05:30, DiskUsage: 67, TotalContents: 4
StorageEvent: 2025/02/04 17:30:44 Timestamp: 2025-02-04T17:30:44+05:30, DiskUsage: 67, TotalContents: 4
StorageEvent: 2025/02/04 17:31:15 Timestamp: 2025-02-04T17:31:15+05:30, DiskUsage: 67, TotalContents: 4
StorageEvent: 2025/02/04 17:31:47 Timestamp: 2025-02-04T17:31:47+05:30, DiskUsage: 67, TotalContents: 4
StorageEvent: 2025/02/04 17:32:19 Timestamp: 2025-02-04T17:32:19+05:30, DiskUsage: 67, TotalContents: 4
StorageEvent: 2025/02/04 17:32:50 Timestamp: 2025-02-04T17:32:50+05:30, DiskUsage: 67, TotalContents: 4
StorageEvent: 2025/02/04 17:33:22 Timestamp: 2025-02-04T17:33:22+05:30, DiskUsage: 67, TotalContents: 4
StorageEvent: 2025/02/04 17:33:54 Timestamp: 2025-02-04T17:33:54+05:30, DiskUsage: 67, TotalContents: 4
StorageEvent: 2025/02/04 17:34:25 Timestamp: 2025-02-04T17:34:25+05:30, DiskUsage: 67, TotalContents: 4
StorageEvent: 2025/02/04 17:34:57 Timestamp: 2025-02-04T17:34:57+05:30, DiskUsage: 67, TotalContents: 4
StorageEvent: 2025/02/04 17:35:28 Timestamp: 2025-02-04T17:35:28+05:30, DiskUsage: 67, TotalContents: 4
StorageEvent: 2025/02/04 17:36:00 Timestamp: 2025-02-04T17:36:00+05:30, DiskUsage: 67, TotalContents: 4
StorageEvent: 2025/02/04 17:36:31 Timestamp: 2025-02-04T17:36:31+05:30, DiskUsage: 67, TotalContents: 4
StorageEvent: 2025/02/04 17:37:03 Timestamp: 2025-02-04T17:37:03+05:30, DiskUsage: 67, TotalContents: 4
StorageEvent: 2025/02/04 17:37:34 Timestamp: 2025-02-04T17:37:34+05:30, DiskUsage: 67, TotalContents: 4
StorageEvent: 2025/02/04 17:38:06 Timestamp: 2025-02-04T17:38:06+05:30, DiskUsage: 67, TotalContents: 4
StorageEvent: 2025/02/04 17:38:38 Timestamp: 2025-02-04T17:38:38+05:30, DiskUsage: 67, TotalContents: 4
StorageEvent: 2025/02/04 17:39:09 Timestamp: 2025-02-04T17:39:09+05:30, DiskUsage: 67, TotalContents: 4
StorageEvent: 2025/02/04 17:39:41 Timestamp: 2025-02-04T17:39:41+05:30, DiskUsage: 67, TotalContents: 4
StorageEvent: 2025/02/04 17:40:13 Timestamp: 2025-02-04T17:40:13+05:30, DiskUsage: 67, TotalContents: 4
StorageEvent: 2025/02/04 17:40:45 Timestamp: 2025-02-04T17:40:45+05:30, DiskUsage: 67, TotalContents: 4
StorageEvent: 2025/02/04 17:41:16 Timestamp: 2025-02-04T17:41:16+05:30, DiskUsage: 67, TotalContents: 4
StorageEvent: 2025/02/04 17:41:48 Timestamp: 2025-02-04T17:41:48+05:30, DiskUsage: 67, TotalContents: 4
StorageEvent: 2025/02/04 17:42:20 Timestamp: 2025-02-04T17:42:20+05:30, DiskUsage: 67, TotalContents: 4
StorageEvent: 2025/02/04 17:42:51 Timestamp: 2025-02-04T17:42:51+05:30, DiskUsage: 67, TotalContents: 4
StorageEvent: 2025/02/04 17:43:23 Timestamp: 2025-02-04T17:43:23+05:30, DiskUsage: 67, TotalContents: 4
StorageEvent: 2025/02/04 17:43:55 Timestamp: 2025-02-04T17:43:55+05:30, DiskUsage: 67, TotalContents: 4
StorageEvent: 2025/02/04 17:44:26 Timestamp: 2025-02-04T17:44:26+05:30, DiskUsage: 67, TotalContents: 4
StorageEvent: 2025/02/04 17:44:58 Timestamp: 2025-02-04T17:44:58+05:30, DiskUsage: 67, TotalContents: 4
StorageEvent: 2025/02/04 17:45:30 Timestamp: 2025-02-04T17:45:30+05:30, DiskUsage: 67, TotalContents: 4
StorageEvent: 2025/02/04 17:46:01 Timestamp: 2025-02-04T17:46:01+05:30, DiskUsage: 67, TotalContents: 4
StorageEvent: 2025/02/04 17:46:33 Timestamp: 2025-02-04T17:46:33+05:30, DiskUsage: 67, TotalContents: 4
StorageEvent: 2025/02/04 17:47:05 Timestamp: 2025-02-04T17:47:05+05:30, DiskUsage: 67, TotalContents: 4
StorageEvent: 2025/02/04 17:47:37 Timestamp: 2025-02-04T17:47:37+05:30, DiskUsage: 67, TotalContents: 4
StorageEvent: 2025/02/04 17:48:08 Timestamp: 2025-02-04T17:48:08+05:30, DiskUsage: 67, TotalContents: 4
StorageEvent: 2025/02/04 17:48:40 Timestamp: 2025-02-04T17:48:40+05:30, DiskUsage: 67, TotalContents: 4
StorageEvent: 2025/02/04 17:49:11 Timestamp: 2025-02-04T17:49:11+05:30, DiskUsage: 67, TotalContents: 4
StorageEvent: 2025/02/04 17:49:43 Timestamp: 2025-02-04T17:49:43+05:30, DiskUsage: 67, TotalContents: 4
StorageEvent: 2025/02/04 17:50:15 Timestamp: 2025-02-04T17:50:15+05:30, DiskUsage: 67, TotalContents: 4
StorageEvent: 2025/02/04 17:50:46 Timestamp: 2025-02-04T17:50:46+05:30, DiskUsage: 67, TotalContents: 4
StorageEvent: 2025/02/04 17:51:18 Timestamp: 2025-02-04T17:51:18+05:30, DiskUsage: 67, TotalContents: 4
StorageEvent: 2025/02/04 17:51:50 Timestamp: 2025-02-04T17:51:50+05:30, DiskUsage: 67, TotalContents: 4
StorageEvent: 2025/02/04 17:52:21 Timestamp: 2025-02-04T17:52:21+05:30, DiskUsage: 67, TotalContents: 4
StorageEvent: 2025/02/04 17:52:53 Timestamp: 2025-02-04T17:52:53+05:30, DiskUsage: 67, TotalContents: 4
StorageEvent: 2025/02/04 17:53:25 Timestamp: 2025-02-04T17:53:25+05:30, DiskUsage: 67, TotalContents: 4
StorageEvent: 2025/02/04 17:53:57 Timestamp: 2025-02-04T17:53:57+05:30, DiskUsage: 67, TotalContents: 4
StorageEvent: 2025/02/04 17:54:29 Timestamp: 2025-02-04T17:54:29+05:30, DiskUsage: 67, TotalContents: 4
StorageEvent: 2025/02/04 17:55:02 Timestamp: 2025-02-04T17:55:02+05:30, DiskUsage: 67, TotalContents: 4
StorageEvent: 2025/02/04 17:55:34 Timestamp: 2025-02-04T17:55:34+05:30, DiskUsage: 67, TotalContents: 4
StorageEvent: 2025/02/04 17:56:06 Timestamp: 2025-02-04T17:56:06+05:30, DiskUsage: 67, TotalContents: 4
StorageEvent: 2025/02/04 17:56:38 Timestamp: 2025-02-04T17:56:38+05:30, DiskUsage: 67, TotalContents: 4
StorageEvent: 2025/02/04 17:57:09 Timestamp: 2025-02-04T17:57:09+05:30, DiskUsage: 67, TotalContents: 4
StorageEvent: 2025/02/04 17:57:41 Timestamp: 2025-02-04T17:57:41+05:30, DiskUsage: 67, TotalContents: 4
StorageEvent: 2025/02/04 17:58:12 Timestamp: 2025-02-04T17:58:12+05:30, DiskUsage: 67, TotalContents: 4
StorageEvent: 2025/02/04 17:58:44 Timestamp: 2025-02-04T17:58:44+05:30, DiskUsage: 67, TotalContents: 4
StorageEvent: 2025/02/04 17:59:16 Timestamp: 2025-02-04T17:59:16+05:30, DiskUsage: 67, TotalContents: 4
StorageEvent: 2025/02/04 17:59:47 Timestamp: 2025-02-04T17:59:47+05:30, DiskUsage: 67, TotalContents: 4
StorageEvent: 2025/02/04 18:00:19 Timestamp: 2025-02-04T18:00:19+05:30, DiskUsage: 67, TotalContents: 4
StorageEvent: 2025/02/04 18:00:51 Timestamp: 2025-02-04T18:00:51+05:30, DiskUsage: 67, TotalContents: 4
StorageEvent: 2025/02/04 18:01:22 Timestamp: 2025-02-04T18:01:22+05:30, DiskUsage: 67, TotalContents: 4
StorageEvent: 2025/02/04 18:01:54 Timestamp: 2025-02-04T18:01:54+05:30, DiskUsage: 67, TotalContents: 4
StorageEvent: 2025/02/04 18:02:26 Timestamp: 2025-02-04T18:02:26+05:30, DiskUsage: 67, TotalContents: 4
StorageEvent: 2025/02/04 18:02:58 Timestamp: 2025-02-04T18:02:58+05:30, DiskUsage: 67, TotalContents: 4
StorageEvent: 2025/02/05 10:34:19 Timestamp: 2025-02-05T10:34:19+05:30, DiskUsage: 67, TotalContents: 3
StorageEvent: 2025/02/05 10:34:51 Timestamp: 2025-02-05T10:34:51+05:30, DiskUsage: 67, TotalContents: 3
StorageEvent: 2025/02/05 10:35:17 Timestamp: 2025-02-05T10:35:17+05:30, URL: http://google.com/, Operation: delete, ResponseTime: 33ms, Bytes: 342
StorageEvent: 2025/02/05 10:35:18 Timestamp: 2025-02-05T10:35:18+05:30, URL: http://msn.com/, Operation: delete, ResponseTime: 99ms, Bytes: 895
StorageEvent: 2025/02/05 10:35:22 Timestamp: 2025-02-05T10:35:22+05:30, DiskUsage: 67, TotalContents: 0
StorageEvent: 2025/02/05 10:35:26 Timestamp: 2025-02-05T10:35:26+05:30, URL: http://msn.com/, Operation: write, ResponseTime: 0ms, Bytes: 0
StorageEvent: 2025/02/05 10:35:54 Timestamp: 2025-02-05T10:35:54+05:30, DiskUsage: 67, TotalContents: 0
StorageEvent: 2025/02/05 10:36:26 Timestamp: 2025-02-05T10:36:26+05:30, DiskUsage: 67, TotalContents: 0
StorageEvent: 2025/02/05 10:36:58 Timestamp: 2025-02-05T10:36:58+05:30, DiskUsage: 67, TotalContents: 0
StorageEvent: 2025/02/05 10:37:29 Timestamp: 2025-02-05T10:37:29+05:30, DiskUsage: 67, TotalContents: 0
StorageEvent: 2025/02/05 10:38:01 Timestamp: 2025-02-05T10:38:01+05:30, DiskUsage: 67, TotalContents: 0
StorageEvent: 2025/02/05 10:38:33 Timestamp: 2025-02-05T10:38:33+05:30, DiskUsage: 67, TotalContents: 0
StorageEvent: 2025/02/05 10:39:05 Timestamp: 2025-02-05T10:39:05+05:30, DiskUsage: 67, TotalContents: 0
StorageEvent: 2025/02/05 10:39:36 Timestamp: 2025-02-05T10:39:36+05:30, DiskUsage: 67, TotalContents: 0
StorageEvent: 2025/02/05 10:39:38 Timestamp: 2025-02-05T10:39:38+05:30, URL: http://google.com//static/a.html, Operation: read, ResponseTime: 3ms, Bytes: 0
StorageEvent: 2025/02/05 10:39:38 Timestamp: 2025-02-05T10:39:38+05:30, URL: http://google.com//static/a.html, Operation: write, ResponseTime: 17ms, Bytes: 113
StorageEvent: 2025/02/05 10:40:08 Timestamp: 2025-02-05T10:40:08+05:30, DiskUsage: 67, TotalContents: 1
StorageEvent: 2025/02/05 10:40:40 Timestamp: 2025-02-05T10:40:40+05:30, DiskUsage: 67, TotalContents: 1
StorageEvent: 2025/02/05 10:41:12 Timestamp: 2025-02-05T10:41:12+05:30, DiskUsage: 67, TotalContents: 1
StorageEvent: 2025/02/05 10:41:43 Timestamp: 2025-02-05T10:41:43+05:30, DiskUsage: 67, TotalContents: 1
StorageEvent: 2025/02/05 10:42:15 Timestamp: 2025-02-05T10:42:15+05:30, DiskUsage: 67, TotalContents: 1
StorageEvent: 2025/02/05 10:42:47 Timestamp: 2025-02-05T10:42:47+05:30, DiskUsage: 67, TotalContents: 1
StorageEvent: 2025/02/05 10:43:19 Timestamp: 2025-02-05T10:43:19+05:30, DiskUsage: 67, TotalContents: 1
StorageEvent: 2025/02/05 10:43:51 Timestamp: 2025-02-05T10:43:51+05:30, DiskUsage: 67, TotalContents: 1
StorageEvent: 2025/02/05 10:44:22 Timestamp: 2025-02-05T10:44:22+05:30, DiskUsage: 67, TotalContents: 1
StorageEvent: 2025/02/05 10:44:46 Timestamp: 2025-02-05T10:44:46+05:30, URL: http://msn.com//dyna/200/256/300/0/Europe, Operation: read, ResponseTime: 4ms, Bytes: 0
StorageEvent: 2025/02/05 10:44:47 Timestamp: 2025-02-05T10:44:47+05:30, URL: http://msn.com//dyna/200/256/300/0/Europe, Operation: write, ResponseTime: 35ms, Bytes: 256
StorageEvent: 2025/02/05 10:44:54 Timestamp: 2025-02-05T10:44:54+05:30, DiskUsage: 67, TotalContents: 2
StorageEvent: 2025/02/05 10:45:26 Timestamp: 2025-02-05T10:45:26+05:30, DiskUsage: 67, TotalContents: 2
StorageEvent: 2025/02/05 13:00:19 Timestamp: 2025-02-05T13:00:19+05:30, URL: http:///google.com, ResponseTime: 29ms, Bytes: 342, Operation: delete
StorageEvent: 2025/02/05 13:00:36 Timestamp: 2025-02-05T13:00:36+05:30, URL: http:///msn.com, ResponseTime: 65ms, Bytes: 447, Operation: delete
StorageEvent: 2025/02/05 13:10:54 Timestamp: 2025-02-05T13:10:54+05:30, URL: http://google.com//static/a.html, ResponseTime: 3ms, Bytes: 0, Operation: read
StorageEvent: 2025/02/05 13:10:55 Timestamp: 2025-02-05T13:10:55+05:30, URL: http://google.com//static/a.html, ResponseTime: 17ms, Bytes: 113, Operation: write
StorageEvent: 2025/02/05 13:14:24 Timestamp: 2025-02-05T13:14:24+05:30, URL: http://msn.com//dyna/200/256/300/0/Europe, ResponseTime: 4ms, Bytes: 0, Operation: read
StorageEvent: 2025/02/05 13:14:24 Timestamp: 2025-02-05T13:14:24+05:30, URL: http://msn.com//dyna/200/256/300/0/Europe, ResponseTime: 39ms, Bytes: 256, Operation: write
StorageEvent: 2025/02/05 13:17:29 Timestamp: 2025-02-05T13:17:29+05:30, URL: http://msn.com//dyna/200/256/300/0/Europe, ResponseTime: 6ms, Bytes: 256, Operation: read
StorageEvent: 2025/02/05 13:19:59 Timestamp: 2025-02-05T13:19:59+05:30, URL: http://google.com//static/a.html, ResponseTime: 4ms, Bytes: 113, Operation: read
StorageEvent: 2025/02/05 13:19:59 Timestamp: 2025-02-05T13:19:59+05:30, URL: http://google.com//static/a.html, ResponseTime: 18ms, Bytes: 113, Operation: write
StorageEvent: 2025/02/05 13:23:31 Timestamp: 2025-02-05T13:23:31+05:30, URL: http:///google.com, ResponseTime: 25ms, Bytes: 342, Operation: delete
StorageEvent: 2025/02/05 13:23:46 Timestamp: 2025-02-05T13:23:46+05:30, URL: http:///msn.com, ResponseTime: 56ms, Bytes: 447, Operation: delete
StorageEvent: 2025/02/05 13:24:19 Timestamp: 2025-02-05T13:24:19+05:30, URL: http://msn.com//dyna/200/256/300/0/Europe, ResponseTime: 4ms, Bytes: 0, Operation: read
StorageEvent: 2025/02/05 13:24:19 Timestamp: 2025-02-05T13:24:19+05:30, URL: http://msn.com//dyna/200/256/300/0/Europe, ResponseTime: 39ms, Bytes: 256, Operation: write
StorageEvent: 2025/02/05 13:24:30 Timestamp: 2025-02-05T13:24:30+05:30, URL: http://msn.com//dyna/200/256/600/0/Asia, ResponseTime: 4ms, Bytes: 0, Operation: read
StorageEvent: 2025/02/05 13:24:30 Timestamp: 2025-02-05T13:24:30+05:30, URL: http://msn.com//dyna/200/256/600/0/Asia, ResponseTime: 21ms, Bytes: 256, Operation: write
StorageEvent: 2025/02/05 13:40:51 Timestamp: 2025-02-05T13:40:51+05:30, URL: http://google.com//static/a.html, ResponseTime: 2ms, Bytes: 0, Operation: read
StorageEvent: 2025/02/05 13:40:51 Timestamp: 2025-02-05T13:40:51+05:30, URL: http://google.com//static/a.html, ResponseTime: 16ms, Bytes: 113, Operation: write
StorageEvent: 2025/02/05 13:41:25 Timestamp: 2025-02-05T13:41:25+05:30, URL: http:///google.com, ResponseTime: 27ms, Bytes: 342, Operation: delete
StorageEvent: 2025/02/05 13:42:42 Timestamp: 2025-02-05T13:42:42+05:30, URL: http:///google.com, ResponseTime: 41ms, Bytes: 0, Operation: delete
StorageEvent: 2025/02/05 13:45:06 Timestamp: 2025-02-05T13:45:06+05:30, URL: http://google.com//static/a.html, ResponseTime: 3ms, Bytes: 0, Operation: read
StorageEvent: 2025/02/05 13:45:06 Timestamp: 2025-02-05T13:45:06+05:30, URL: http://google.com//static/a.html, ResponseTime: 18ms, Bytes: 113, Operation: write
StorageEvent: 2025/02/05 13:45:55 Timestamp: 2025-02-05T13:45:55+05:30, URL: http://google.com//static/a.html, ResponseTime: 4ms, Bytes: 113, Operation: read
StorageEvent: 2025/02/05 13:45:55 Timestamp: 2025-02-05T13:45:55+05:30, URL: http://google.com//static/a.html, ResponseTime: 14ms, Bytes: 113, Operation: write
StorageEvent: 2025/02/05 13:46:53 Timestamp: 2025-02-05T13:46:53+05:30, URL: http:///google.com, ResponseTime: 26ms, Bytes: 342, Operation: delete
StorageEvent: 2025/02/05 13:46:54 Timestamp: 2025-02-05T13:46:54+05:30, URL: http:///google.com, ResponseTime: 14ms, Bytes: 113, Operation: delete
StorageEvent: 2025/02/05 13:47:21 Timestamp: 2025-02-05T13:47:21+05:30, URL: http:///google.com, ResponseTime: 12ms, Bytes: 113, Operation: delete
StorageEvent: 2025/02/05 13:48:34 Timestamp: 2025-02-05T13:48:34+05:30, URL: http:///google.com, ResponseTime: 22ms, Bytes: 113, Operation: delete
StorageEvent: 2025/02/05 13:48:58 Timestamp: 2025-02-05T13:48:58+05:30, URL: http://google.com//static/a.html, ResponseTime: 1ms, Bytes: 0, Operation: read
StorageEvent: 2025/02/05 13:48:58 Timestamp: 2025-02-05T13:48:58+05:30, URL: http://google.com//static/a.html, ResponseTime: 13ms, Bytes: 113, Operation: write
StorageEvent: 2025/02/05 13:51:26 Timestamp: 2025-02-05T13:51:26+05:30, URL: http://gmail.com/, ResponseTime: 91ms, Bytes: 0, Operation: delete
StorageEvent: 2025/02/05 13:53:31 Timestamp: 2025-02-05T13:53:31+05:30, URL: http:///google.com, ResponseTime: 31ms, Bytes: 342, Operation: delete
StorageEvent: 2025/02/05 13:53:43 Timestamp: 2025-02-05T13:53:43+05:30, URL: http://google.com//static/a.html, ResponseTime: 0ms, Bytes: 0, Operation: read
StorageEvent: 2025/02/05 13:53:43 Timestamp: 2025-02-05T13:53:43+05:30, URL: http://google.com//static/a.html, ResponseTime: 12ms, Bytes: 113, Operation: write
StorageEvent: 2025/02/05 14:00:28 Timestamp: 2025-02-05T14:00:28+05:30, URL: http://google.com//static/a.html, ResponseTime: 5ms, Bytes: 113, Operation: read
StorageEvent: 2025/02/05 14:00:28 Timestamp: 2025-02-05T14:00:28+05:30, URL: http://google.com//static/a.html, ResponseTime: 15ms, Bytes: 113, Operation: write
StorageEvent: 2025/02/05 14:01:29 Timestamp: 2025-02-05T14:01:29+05:30, URL: http:///google.com, ResponseTime: 45ms, Bytes: 364, Operation: delete
StorageEvent: 2025/02/05 14:01:36 Timestamp: 2025-02-05T14:01:36+05:30, URL: http:///msn.com, ResponseTime: 76ms, Bytes: 894, Operation: delete
StorageEvent: 2025/02/05 14:02:21 Timestamp: 2025-02-05T14:02:21+05:30, URL: http:///google.com, ResponseTime: 23ms, Bytes: 113, Operation: delete
StorageEvent: 2025/02/05 14:02:40 Timestamp: 2025-02-05T14:02:40+05:30, URL: http:///google.com, ResponseTime: 18ms, Bytes: 113, Operation: delete
StorageEvent: 2025/02/05 15:38:56 Timestamp: 2025-02-05T15:38:56+05:30, URL: http://127.0.0.1/, ResponseTime: 2ms, Bytes: 0, Operation: delete
StorageEvent: 2025/02/05 15:39:16 Timestamp: 2025-02-05T15:39:16+05:30, URL: http://127.0.0.1/, ResponseTime: 4ms, Bytes: 0, Operation: delete
StorageEvent: 2025/02/05 15:40:44 Timestamp: 2025-02-05T15:40:44+05:30, URL: http://msn.com/, ResponseTime: 3ms, Bytes: 0, Operation: delete
StorageEvent: 2025/02/05 15:40:44 Timestamp: 2025-02-05T15:40:44+05:30, URL: http://gmail.com/, ResponseTime: 3ms, Bytes: 0, Operation: delete
StorageEvent: 2025/02/05 15:47:07 Timestamp: 2025-02-05T15:47:07+05:30, URL: http://google.com//static/a.html, ResponseTime: 4ms, Bytes: 0, Operation: read
StorageEvent: 2025/02/05 15:47:08 Timestamp: 2025-02-05T15:47:08+05:30, URL: http://google.com//static/a.html, ResponseTime: 23ms, Bytes: 113, Operation: write
StorageEvent: 2025/02/05 15:55:03 Timestamp: 2025-02-05T15:55:03+05:30, URL: http://msn.com//dyna/200/256/300/0/Europe, ResponseTime: 3ms, Bytes: 0, Operation: read
StorageEvent: 2025/02/05 15:55:03 Timestamp: 2025-02-05T15:55:03+05:30, URL: http://msn.com//dyna/200/256/300/0/Europe, ResponseTime: 39ms, Bytes: 256, Operation: write
StorageEvent: 2025/02/05 15:56:51 Timestamp: 2025-02-05T15:56:51+05:30, URL: http://msn.com//dyna/200/256/300/0/Europe, ResponseTime: 7ms, Bytes: 256, Operation: read
StorageEvent: 2025/02/05 15:58:14 Timestamp: 2025-02-05T15:58:14+05:30, URL: http://google.com//static/a.html, ResponseTime: 5ms, Bytes: 113, Operation: read
StorageEvent: 2025/02/05 15:58:14 Timestamp: 2025-02-05T15:58:14+05:30, URL: http://google.com//static/a.html, ResponseTime: 21ms, Bytes: 113, Operation: write
StorageEvent: 2025/02/05 16:03:56 Timestamp: 2025-02-05T16:03:56+05:30, URL: http:///google.com, ResponseTime: 55ms, Bytes: 364, Operation: delete
StorageEvent: 2025/02/17 11:30:32 Timestamp: 2025-02-17T11:30:32+05:30, URL: http://google.com//static/a.html, ResponseTime: 3ms, Bytes: 0, Operation: read
StorageEvent: 2025/02/17 11:30:32 Timestamp: 2025-02-17T11:30:32+05:30, URL: http://google.com//static/a.html, ResponseTime: 17ms, Bytes: 113, Operation: write
StorageEvent: 2025/02/17 11:32:14 Timestamp: 2025-02-17T11:32:14+05:30, URL: http://google.com//static/a.html, ResponseTime: 5ms, Bytes: 113, Operation: read
StorageEvent: 2025/02/17 11:32:14 Timestamp: 2025-02-17T11:32:14+05:30, URL: http://google.com//static/a.html, ResponseTime: 16ms, Bytes: 113, Operation: write
